TimeQuest Timing Analyzer report for composants
Wed Apr 13 16:01:41 2022
Quartus II 64-Bit Version 9.0 Build 132 02/25/2009 SJ Full Version


---------------------
; Table of Contents ;
---------------------
  1. Legal Notice
  2. TimeQuest Timing Analyzer Summary
  3. Parallel Compilation
  4. Clocks
  5. Slow Model Fmax Summary
  6. Slow Model Setup Summary
  7. Slow Model Hold Summary
  8. Slow Model Recovery Summary
  9. Slow Model Removal Summary
 10. Slow Model Minimum Pulse Width
 11. Propagation Delay
 12. Minimum Propagation Delay
 13. Fast Model Setup Summary
 14. Fast Model Hold Summary
 15. Fast Model Recovery Summary
 16. Fast Model Removal Summary
 17. Fast Model Minimum Pulse Width
 18. Propagation Delay
 19. Minimum Propagation Delay
 20. Multicorner Timing Analysis Summary
 21. Progagation Delay
 22. Minimum Progagation Delay
 23. Clock Transfers
 24. Report TCCS
 25. Report RSKM
 26. Unconstrained Paths
 27. TimeQuest Timing Analyzer Messages



----------------
; Legal Notice ;
----------------
Copyright (C) 1991-2009 Altera Corporation
Your use of Altera Corporation's design tools, logic functions 
and other software and tools, and its AMPP partner logic 
functions, and any output files from any of the foregoing 
(including device programming or simulation files), and any 
associated documentation or information are expressly subject 
to the terms and conditions of the Altera Program License 
Subscription Agreement, Altera MegaCore Function License 
Agreement, or other applicable license agreement, including, 
without limitation, that your use is for the sole purpose of 
programming logic devices manufactured by Altera and sold by 
Altera or its authorized distributors.  Please refer to the 
applicable agreement for further details.



+-----------------------------------------------------------------------+
; TimeQuest Timing Analyzer Summary                                     ;
+--------------------+--------------------------------------------------+
; Quartus II Version ; Version 9.0 Build 132 02/25/2009 SJ Full Version ;
; Revision Name      ; composants                                       ;
; Device Family      ; Cyclone II                                       ;
; Device Name        ; EP2C5AT144A7                                     ;
; Timing Models      ; Final                                            ;
; Delay Model        ; Combined                                         ;
; Rise/Fall Delays   ; Unavailable                                      ;
+--------------------+--------------------------------------------------+


+------------------------------------------+
; Parallel Compilation                     ;
+----------------------------+-------------+
; Processors                 ; Number      ;
+----------------------------+-------------+
; Number detected on machine ; 4           ;
; Maximum allowed            ; 4           ;
;                            ;             ;
; Average used               ; 1.00        ;
; Maximum used               ; 4           ;
;                            ;             ;
; Usage by Processor         ; % Time Used ;
;     1 processor            ; 100.0%      ;
;     2-4 processors         ; < 0.1%      ;
+----------------------------+-------------+


----------
; Clocks ;
----------
No clocks to report.


---------------------------
; Slow Model Fmax Summary ;
---------------------------
No paths to report.


----------------------------
; Slow Model Setup Summary ;
----------------------------
No paths to report.


---------------------------
; Slow Model Hold Summary ;
---------------------------
No paths to report.


-------------------------------
; Slow Model Recovery Summary ;
-------------------------------
No paths to report.


------------------------------
; Slow Model Removal Summary ;
------------------------------
No paths to report.


----------------------------------
; Slow Model Minimum Pulse Width ;
----------------------------------
Nothing to report.


+--------------------------------------------------------------+
; Propagation Delay                                            ;
+------------+-------------+--------+--------+--------+--------+
; Input Port ; Output Port ; RR     ; RF     ; FR     ; FF     ;
+------------+-------------+--------+--------+--------+--------+
; info0[0]   ; smux[0]     ; 6.463  ; 6.463  ; 6.463  ; 6.463  ;
; info1[0]   ; smux[0]     ; 11.753 ; 11.753 ; 11.753 ; 11.753 ;
; info2[0]   ; smux[0]     ; 11.014 ;        ;        ; 11.014 ;
; info3[0]   ; smux[0]     ; 6.201  ;        ;        ; 6.201  ;
; sel[0]     ; smux[0]     ; 6.723  ; 6.723  ; 6.723  ; 6.723  ;
; sel[1]     ; smux[0]     ; 11.552 ; 11.552 ; 11.552 ; 11.552 ;
+------------+-------------+--------+--------+--------+--------+


+--------------------------------------------------------------+
; Minimum Propagation Delay                                    ;
+------------+-------------+--------+--------+--------+--------+
; Input Port ; Output Port ; RR     ; RF     ; FR     ; FF     ;
+------------+-------------+--------+--------+--------+--------+
; info0[0]   ; smux[0]     ; 6.463  ; 6.463  ; 6.463  ; 6.463  ;
; info1[0]   ; smux[0]     ; 11.753 ; 11.753 ; 11.753 ; 11.753 ;
; info2[0]   ; smux[0]     ; 11.014 ;        ;        ; 11.014 ;
; info3[0]   ; smux[0]     ; 6.201  ;        ;        ; 6.201  ;
; sel[0]     ; smux[0]     ; 6.723  ; 6.723  ; 6.723  ; 6.723  ;
; sel[1]     ; smux[0]     ; 11.474 ; 11.474 ; 11.474 ; 11.474 ;
+------------+-------------+--------+--------+--------+--------+


----------------------------
; Fast Model Setup Summary ;
----------------------------
No paths to report.


---------------------------
; Fast Model Hold Summary ;
---------------------------
No paths to report.


-------------------------------
; Fast Model Recovery Summary ;
-------------------------------
No paths to report.


------------------------------
; Fast Model Removal Summary ;
------------------------------
No paths to report.


----------------------------------
; Fast Model Minimum Pulse Width ;
----------------------------------
Nothing to report.


+----------------------------------------------------------+
; Propagation Delay                                        ;
+------------+-------------+-------+-------+-------+-------+
; Input Port ; Output Port ; RR    ; RF    ; FR    ; FF    ;
+------------+-------------+-------+-------+-------+-------+
; info0[0]   ; smux[0]     ; 2.786 ; 2.786 ; 2.786 ; 2.786 ;
; info1[0]   ; smux[0]     ; 5.487 ; 5.487 ; 5.487 ; 5.487 ;
; info2[0]   ; smux[0]     ; 5.257 ;       ;       ; 5.257 ;
; info3[0]   ; smux[0]     ; 2.709 ;       ;       ; 2.709 ;
; sel[0]     ; smux[0]     ; 2.880 ; 2.880 ; 2.880 ; 2.880 ;
; sel[1]     ; smux[0]     ; 5.384 ; 5.384 ; 5.384 ; 5.384 ;
+------------+-------------+-------+-------+-------+-------+


+----------------------------------------------------------+
; Minimum Propagation Delay                                ;
+------------+-------------+-------+-------+-------+-------+
; Input Port ; Output Port ; RR    ; RF    ; FR    ; FF    ;
+------------+-------------+-------+-------+-------+-------+
; info0[0]   ; smux[0]     ; 2.786 ; 2.786 ; 2.786 ; 2.786 ;
; info1[0]   ; smux[0]     ; 5.487 ; 5.487 ; 5.487 ; 5.487 ;
; info2[0]   ; smux[0]     ; 5.257 ;       ;       ; 5.257 ;
; info3[0]   ; smux[0]     ; 2.709 ;       ;       ; 2.709 ;
; sel[0]     ; smux[0]     ; 2.880 ; 2.880 ; 2.880 ; 2.880 ;
; sel[1]     ; smux[0]     ; 5.352 ; 5.352 ; 5.352 ; 5.352 ;
+------------+-------------+-------+-------+-------+-------+


+----------------------------------------------------------------------------+
; Multicorner Timing Analysis Summary                                        ;
+------------------+-------+------+----------+---------+---------------------+
; Clock            ; Setup ; Hold ; Recovery ; Removal ; Minimum Pulse Width ;
+------------------+-------+------+----------+---------+---------------------+
; Worst-case Slack ; 0.0   ; 0.0  ; 0.0      ; 0.0     ; 0.0                 ;
; Design-wide TNS  ; 0.0   ; 0.0  ; 0.0      ; 0.0     ; N/A                 ;
+------------------+-------+------+----------+---------+---------------------+


+--------------------------------------------------------------+
; Progagation Delay                                            ;
+------------+-------------+--------+--------+--------+--------+
; Input Port ; Output Port ; RR     ; RF     ; FR     ; FF     ;
+------------+-------------+--------+--------+--------+--------+
; info0[0]   ; smux[0]     ; 6.463  ; 6.463  ; 6.463  ; 6.463  ;
; info1[0]   ; smux[0]     ; 11.753 ; 11.753 ; 11.753 ; 11.753 ;
; info2[0]   ; smux[0]     ; 11.014 ;        ;        ; 11.014 ;
; info3[0]   ; smux[0]     ; 6.201  ;        ;        ; 6.201  ;
; sel[0]     ; smux[0]     ; 6.723  ; 6.723  ; 6.723  ; 6.723  ;
; sel[1]     ; smux[0]     ; 11.552 ; 11.552 ; 11.552 ; 11.552 ;
+------------+-------------+--------+--------+--------+--------+


+----------------------------------------------------------+
; Minimum Progagation Delay                                ;
+------------+-------------+-------+-------+-------+-------+
; Input Port ; Output Port ; RR    ; RF    ; FR    ; FF    ;
+------------+-------------+-------+-------+-------+-------+
; info0[0]   ; smux[0]     ; 2.786 ; 2.786 ; 2.786 ; 2.786 ;
; info1[0]   ; smux[0]     ; 5.487 ; 5.487 ; 5.487 ; 5.487 ;
; info2[0]   ; smux[0]     ; 5.257 ;       ;       ; 5.257 ;
; info3[0]   ; smux[0]     ; 2.709 ;       ;       ; 2.709 ;
; sel[0]     ; smux[0]     ; 2.880 ; 2.880 ; 2.880 ; 2.880 ;
; sel[1]     ; smux[0]     ; 5.352 ; 5.352 ; 5.352 ; 5.352 ;
+------------+-------------+-------+-------+-------+-------+


-------------------
; Clock Transfers ;
-------------------
No clock transfers to report.


---------------
; Report TCCS ;
---------------
No dedicated SERDES Transmitter circuitry present in device or used in design.


---------------
; Report RSKM ;
---------------
No dedicated SERDES Receiver circuitry present in device or used in design.


+------------------------------------------------+
; Unconstrained Paths                            ;
+---------------------------------+-------+------+
; Property                        ; Setup ; Hold ;
+---------------------------------+-------+------+
; Illegal Clocks                  ; 0     ; 0    ;
; Unconstrained Clocks            ; 0     ; 0    ;
; Unconstrained Input Ports       ; 6     ; 6    ;
; Unconstrained Input Port Paths  ; 6     ; 6    ;
; Unconstrained Output Ports      ; 1     ; 1    ;
; Unconstrained Output Port Paths ; 6     ; 6    ;
+---------------------------------+-------+------+


+------------------------------------+
; TimeQuest Timing Analyzer Messages ;
+------------------------------------+
Info: *******************************************************************
Info: Running Quartus II 64-Bit TimeQuest Timing Analyzer
    Info: Version 9.0 Build 132 02/25/2009 SJ Full Version
    Info: Processing started: Wed Apr 13 16:01:37 2022
Info: Command: quartus_sta composants -c composants
Info: qsta_default_script.tcl version: #3
Info: Detected changes in source files.
    Info: Source file: H:/Projets_VHDL/Composants/Sources/deco1p4.vhd has changed.
Warning: Ignored assignments for entity "deco1p4" -- entity does not exist in design
    Warning: Assignment of entity set_global_assignment -name LL_ROOT_REGION ON -section_id "Root Region" is ignored
    Warning: Assignment of entity set_global_assignment -name LL_MEMBER_STATE LOCKED -section_id "Root Region" is ignored
    Warning: Assignment of entity set_instance_assignment -name PARTITION_HIERARCHY root_partition -to | -section_id Top is ignored
    Warning: Assignment of entity set_global_assignment -name PARTITION_NETLIST_TYPE SOURCE -section_id Top is ignored
    Warning: Assignment of entity set_global_assignment -name PARTITION_COLOR 16764057 -section_id Top is ignored
    Warning: Assignment of entity set_global_assignment -name PARTITION_IMPORT_ASSIGNMENTS ON -section_id Top is ignored
    Warning: Assignment of entity set_global_assignment -name PARTITION_IMPORT_EXISTING_ASSIGNMENTS REPLACE_CONFLICTING -section_id Top is ignored
    Warning: Assignment of entity set_global_assignment -name PARTITION_IMPORT_EXISTING_LOGICLOCK_REGIONS REPLACE_CONFLICTING -section_id Top is ignored
    Warning: Assignment of entity set_global_assignment -name PARTITION_IMPORT_PIN_ASSIGNMENTS ON -section_id Top is ignored
    Warning: Assignment of entity set_global_assignment -name PARTITION_IMPORT_PROMOTE_ASSIGNMENTS ON -section_id Top is ignored
    Warning: Assignment of entity set_global_assignment -name PARTITION_TYPE STANDARD_PARTITION -section_id Top is ignored
Info: Parallel compilation is enabled and will use 4 of the 4 processors detected
Info: Low junction temperature is -40 degrees C
Info: High junction temperature is 125 degrees C
Warning: Found USE_TIMEQUEST_TIMING_ANALYZER=OFF. The TimeQuest Timing Analyzer is not the default Timing Analysis Tool during full compilation.
Critical Warning: Synopsys Design Constraints File file not found: 'composants.sdc'. A Synopsys Design Constraints File is required by the TimeQuest Timing Analyzer to get proper timing constraints. Without it, the Compiler will not properly optimize the design.
Info: No user constrained base clocks found in the design. Calling "derive_clocks -period 1.0"
Info: The command derive_clocks did not find any clocks to derive.  No clocks were created or changed.
Warning: No clocks defined in design.
Info: No clocks to report
Info: Analyzing Slow Model
Info: No fmax paths to report
Info: No setup paths to report
Info: No hold paths to report
Info: No recovery paths to report
Info: No removal paths to report
Info: No minimum pulse width or minimum period width checks to report
Info: The selected device family is not supported by the report_metastability command.
Info: Analyzing Fast Model
Info: Started post-fitting delay annotation
Warning: Found 1 output pins without output pin load capacitance assignment
    Info: Pin "smux[0]" has no specified output pin load capacitance -- assuming default load capacitance of 0 pF for timing analysis
Info: Delay annotation completed successfully
Info: No user constrained base clocks found in the design. Calling "derive_clocks -period 1.0"
Info: The command derive_clocks did not find any clocks to derive.  No clocks were created or changed.
Warning: No clocks defined in design.
Info: No setup paths to report
Info: No hold paths to report
Info: No recovery paths to report
Info: No removal paths to report
Info: No minimum pulse width or minimum period width checks to report
Info: The selected device family is not supported by the report_metastability command.
Info: Design is not fully constrained for setup requirements
Info: Design is not fully constrained for hold requirements
Info: Quartus II 64-Bit TimeQuest Timing Analyzer was successful. 0 errors, 17 warnings
    Info: Peak virtual memory: 4398 megabytes
    Info: Processing ended: Wed Apr 13 16:01:41 2022
    Info: Elapsed time: 00:00:04
    Info: Total CPU time (on all processors): 00:00:01


