Flow report for composants
Fri Jun 24 11:58:01 2022
Quartus II 64-Bit Version 9.0 Build 132 02/25/2009 SJ Full Version


---------------------
; Table of Contents ;
---------------------
  1. Legal Notice
  2. Flow Summary
  3. Flow Settings
  4. Flow Non-Default Global Settings
  5. Flow Elapsed Time
  6. Flow OS Summary
  7. Flow Log



----------------
; Legal Notice ;
----------------
Copyright (C) 1991-2009 Altera Corporation
Your use of Altera Corporation's design tools, logic functions 
and other software and tools, and its AMPP partner logic 
functions, and any output files from any of the foregoing 
(including device programming or simulation files), and any 
associated documentation or information are expressly subject 
to the terms and conditions of the Altera Program License 
Subscription Agreement, Altera MegaCore Function License 
Agreement, or other applicable license agreement, including, 
without limitation, that your use is for the sole purpose of 
programming logic devices manufactured by Altera and sold by 
Altera or its authorized distributors.  Please refer to the 
applicable agreement for further details.



+-------------------------------------------------------------------------------+
; Flow Summary                                                                  ;
+------------------------------------+------------------------------------------+
; Flow Status                        ; Successful - Fri Jun 24 11:58:01 2022    ;
; Quartus II 64-Bit Version          ; 9.0 Build 132 02/25/2009 SJ Full Version ;
; Revision Name                      ; composants                               ;
; Top-level Entity Name              ; tdregistre                               ;
; Family                             ; Cyclone II                               ;
; Device                             ; EP2C5AT144A7                             ;
; Timing Models                      ; Final                                    ;
; Met timing requirements            ; Yes                                      ;
; Total logic elements               ; 7 / 4,608 ( < 1 % )                      ;
;     Total combinational functions  ; 2 / 4,608 ( < 1 % )                      ;
;     Dedicated logic registers      ; 6 / 4,608 ( < 1 % )                      ;
; Total registers                    ; 6                                        ;
; Total pins                         ; 17 / 89 ( 19 % )                         ;
; Total virtual pins                 ; 0                                        ;
; Total memory bits                  ; 0 / 119,808 ( 0 % )                      ;
; Embedded Multiplier 9-bit elements ; 0 / 26 ( 0 % )                           ;
; Total PLLs                         ; 0 / 2 ( 0 % )                            ;
+------------------------------------+------------------------------------------+


+-----------------------------------------+
; Flow Settings                           ;
+-------------------+---------------------+
; Option            ; Setting             ;
+-------------------+---------------------+
; Start date & time ; 06/24/2022 11:57:49 ;
; Main task         ; Compilation         ;
; Revision Name     ; composants          ;
+-------------------+---------------------+


+------------------------------------------------------------------------------------------------------------------------+
; Flow Non-Default Global Settings                                                                                       ;
+---------------------------------------+---------------------------------+---------------+-------------+----------------+
; Assignment Name                       ; Value                           ; Default Value ; Entity Name ; Section Id     ;
+---------------------------------------+---------------------------------+---------------+-------------+----------------+
; COMPILER_SIGNATURE_ID                 ; 251053325809109.165606466801804 ; --            ; --          ; --             ;
; MAX_CORE_JUNCTION_TEMP                ; 125                             ; --            ; --          ; --             ;
; MIN_CORE_JUNCTION_TEMP                ; -40                             ; --            ; --          ; --             ;
; PARTITION_COLOR                       ; 16764057                        ; --            ; tdregistre  ; Top            ;
; PARTITION_NETLIST_TYPE                ; SOURCE                          ; --            ; tdregistre  ; Top            ;
; SYNCHRONIZATION_REGISTER_CHAIN_LENGTH ; 2                               ; 3             ; --          ; --             ;
; SYNTH_TIMING_DRIVEN_SYNTHESIS         ; Off                             ; On            ; --          ; --             ;
; TOP_LEVEL_ENTITY                      ; tdregistre                      ; composants    ; --          ; --             ;
; USE_GENERATED_PHYSICAL_CONSTRAINTS    ; Off                             ; --            ; --          ; eda_blast_fpga ;
+---------------------------------------+---------------------------------+---------------+-------------+----------------+


+-----------------------------------------------------------------------------------------------------------------------------+
; Flow Elapsed Time                                                                                                           ;
+-------------------------+--------------+-------------------------+---------------------+------------------------------------+
; Module Name             ; Elapsed Time ; Average Processors Used ; Peak Virtual Memory ; Total CPU Time (on all processors) ;
+-------------------------+--------------+-------------------------+---------------------+------------------------------------+
; Analysis & Synthesis    ; 00:00:03     ; 1.0                     ; 4460 MB             ; 00:00:01                           ;
; Fitter                  ; 00:00:02     ; 1.0                     ; 4509 MB             ; 00:00:01                           ;
; Assembler               ; 00:00:02     ; 1.0                     ; 4376 MB             ; 00:00:01                           ;
; Classic Timing Analyzer ; 00:00:01     ; 1.0                     ; 4340 MB             ; 00:00:00                           ;
; Total                   ; 00:00:08     ; --                      ; --                  ; 00:00:03                           ;
+-------------------------+--------------+-------------------------+---------------------+------------------------------------+


+------------------------------------------------------------------------------------------+
; Flow OS Summary                                                                          ;
+-------------------------+------------------+---------------+------------+----------------+
; Module Name             ; Machine Hostname ; OS Name       ; OS Version ; Processor type ;
+-------------------------+------------------+---------------+------------+----------------+
; Analysis & Synthesis    ; P-GE2I-ERAU-E01  ; Windows Vista ; 6.2        ; x86_64         ;
; Fitter                  ; P-GE2I-ERAU-E01  ; Windows Vista ; 6.2        ; x86_64         ;
; Assembler               ; P-GE2I-ERAU-E01  ; Windows Vista ; 6.2        ; x86_64         ;
; Classic Timing Analyzer ; P-GE2I-ERAU-E01  ; Windows Vista ; 6.2        ; x86_64         ;
+-------------------------+------------------+---------------+------------+----------------+


------------
; Flow Log ;
------------
quartus_map --read_settings_files=on --write_settings_files=off composants -c composants
quartus_fit --read_settings_files=off --write_settings_files=off composants -c composants
quartus_asm --read_settings_files=off --write_settings_files=off composants -c composants
quartus_tan --read_settings_files=off --write_settings_files=off composants -c composants --timing_analysis_only



