Restore Archived Project report for MaP
Wed Feb 23 15:10:59 2022
Quartus II 64-Bit Version 9.0 Build 132 02/25/2009 SJ Full Version


---------------------
; Table of Contents ;
---------------------
  1. Legal Notice
  2. Restore Archived Project Summary
  3. Restore Archived Project Messages
  4. Files Restored
  5. Files Not Restored



----------------
; Legal Notice ;
----------------
Copyright (C) 1991-2009 Altera Corporation
Your use of Altera Corporation's design tools, logic functions 
and other software and tools, and its AMPP partner logic 
functions, and any output files from any of the foregoing 
(including device programming or simulation files), and any 
associated documentation or information are expressly subject 
to the terms and conditions of the Altera Program License 
Subscription Agreement, Altera MegaCore Function License 
Agreement, or other applicable license agreement, including, 
without limitation, that your use is for the sole purpose of 
programming logic devices manufactured by Altera and sold by 
Altera or its authorized distributors.  Please refer to the 
applicable agreement for further details.



+-------------------------------------------------------------------------+
; Restore Archived Project Summary                                        ;
+---------------------------------+---------------------------------------+
; Restore Archived Project Status ; Successful - Wed Feb 23 15:10:59 2022 ;
; Revision Name                   ; MaP                                   ;
; Top-level Entity Name           ; gest_can_gene                         ;
; Family                          ; Cyclone II                            ;
+---------------------------------+---------------------------------------+


+-----------------------------------+
; Restore Archived Project Messages ;
+-----------------------------------+
Info: Successfully restored 'C:/Users/hugues.gilliard/OneDrive/Synchro boulot/CESI/Fichiers/Projets_VHDL/Composants/Projet/Mise_au_point_tmp_archive.qar' into the 'C:/Users/hugues.gilliard/OneDrive/Synchro boulot/CESI/Fichiers/Projets_VHDL/Composants/Projet_copy/' directory
Info: Generated report 'MaP.restore.rpt'


+-------------------------+
; Files Restored          ;
+-------------------------+
; File Name               ;
+-------------------------+
; MaP.flow.rpt            ;
; MaP.map.rpt             ;
; MaP.map.summary         ;
; MaP.qsf                 ;
; MaP.sim.rpt             ;
; MaP_description.txt     ;
; Mise_au_point.qpf       ;
; assignment_defaults.qdf ;
+-------------------------+


+--------------------+
; Files Not Restored ;
+--------------------+
; File Name          ;
+--------------------+


