Flow report for MaP
Sun Feb 19 18:16:48 2023
Quartus II Version 9.0 Build 235 06/17/2009 Service Pack 2 SJ Web Edition


---------------------
; Table of Contents ;
---------------------
  1. Legal Notice
  2. Flow Summary
  3. Flow Settings
  4. Flow Non-Default Global Settings
  5. Flow Elapsed Time
  6. Flow OS Summary
  7. Flow Log



----------------
; Legal Notice ;
----------------
Copyright (C) 1991-2009 Altera Corporation
Your use of Altera Corporation's design tools, logic functions 
and other software and tools, and its AMPP partner logic 
functions, and any output files from any of the foregoing 
(including device programming or simulation files), and any 
associated documentation or information are expressly subject 
to the terms and conditions of the Altera Program License 
Subscription Agreement, Altera MegaCore Function License 
Agreement, or other applicable license agreement, including, 
without limitation, that your use is for the sole purpose of 
programming logic devices manufactured by Altera and sold by 
Altera or its authorized distributors.  Please refer to the 
applicable agreement for further details.



+-----------------------------------------------------------------------------------+
; Flow Summary                                                                      ;
+------------------------------------+----------------------------------------------+
; Flow Status                        ; Successful - Sun Feb 19 18:16:47 2023        ;
; Quartus II Version                 ; 9.0 Build 235 06/17/2009 SP 2 SJ Web Edition ;
; Revision Name                      ; MaP                                          ;
; Top-level Entity Name              ; decodeur_IRDA_2MHz                           ;
; Family                             ; Cyclone III                                  ;
; Met timing requirements            ; N/A                                          ;
; Total logic elements               ; 118 / 5,136 ( 2 % )                          ;
;     Total combinational functions  ; 118 / 5,136 ( 2 % )                          ;
;     Dedicated logic registers      ; 50 / 5,136 ( < 1 % )                         ;
; Total registers                    ; 50                                           ;
; Total pins                         ; 26 / 183 ( 14 % )                            ;
; Total virtual pins                 ; 0                                            ;
; Total memory bits                  ; 0 / 423,936 ( 0 % )                          ;
; Embedded Multiplier 9-bit elements ; 0 / 46 ( 0 % )                               ;
; Total PLLs                         ; 0 / 2 ( 0 % )                                ;
; Device                             ; EP3C5F256C6                                  ;
; Timing Models                      ; Final                                        ;
+------------------------------------+----------------------------------------------+


+-----------------------------------------+
; Flow Settings                           ;
+-------------------+---------------------+
; Option            ; Setting             ;
+-------------------+---------------------+
; Start date & time ; 02/19/2023 18:16:40 ;
; Main task         ; Compilation         ;
; Revision Name     ; MaP                 ;
+-------------------+---------------------+


+----------------------------------------------------------------------------------------------------------------------------------------------------------------------+
; Flow Non-Default Global Settings                                                                                                                                     ;
+------------------------------------+---------------------------------------------------------------------------+---------------+--------------------+----------------+
; Assignment Name                    ; Value                                                                     ; Default Value ; Entity Name        ; Section Id     ;
+------------------------------------+---------------------------------------------------------------------------+---------------+--------------------+----------------+
; COMPILER_SIGNATURE_ID              ; 220776855105325.167682700021820                                           ; --            ; --                 ; --             ;
; MISC_FILE                          ; H:/Projet_vhdl_A4/Telecommande DMX/Telecommande_IRDA_prog/Travail/MaP.dpf ; --            ; --                 ; --             ;
; PARTITION_COLOR                    ; 16764057                                                                  ; --            ; decodeur_IRDA_2Mhz ; Top            ;
; PARTITION_NETLIST_TYPE             ; SOURCE                                                                    ; --            ; decodeur_IRDA_2Mhz ; Top            ;
; TOP_LEVEL_ENTITY                   ; decodeur_IRDA_2Mhz                                                        ; MaP           ; --                 ; --             ;
; USE_GENERATED_PHYSICAL_CONSTRAINTS ; Off                                                                       ; --            ; --                 ; eda_blast_fpga ;
+------------------------------------+---------------------------------------------------------------------------+---------------+--------------------+----------------+


+-------------------------------------------------------------------------------------------------------------------------------+
; Flow Elapsed Time                                                                                                             ;
+---------------------------+--------------+-------------------------+---------------------+------------------------------------+
; Module Name               ; Elapsed Time ; Average Processors Used ; Peak Virtual Memory ; Total CPU Time (on all processors) ;
+---------------------------+--------------+-------------------------+---------------------+------------------------------------+
; Analysis & Synthesis      ; 00:00:02     ; 1.0                     ; 255 MB              ; 00:00:01                           ;
; Fitter                    ; 00:00:03     ; 1.0                     ; 320 MB              ; 00:00:02                           ;
; Assembler                 ; 00:00:01     ; 1.0                     ; 229 MB              ; 00:00:00                           ;
; TimeQuest Timing Analyzer ; 00:00:00     ; 1.0                     ; 250 MB              ; 00:00:00                           ;
; Total                     ; 00:00:06     ; --                      ; --                  ; 00:00:03                           ;
+---------------------------+--------------+-------------------------+---------------------+------------------------------------+


+--------------------------------------------------------------------------------------------+
; Flow OS Summary                                                                            ;
+---------------------------+------------------+---------------+------------+----------------+
; Module Name               ; Machine Hostname ; OS Name       ; OS Version ; Processor type ;
+---------------------------+------------------+---------------+------------+----------------+
; Analysis & Synthesis      ; escou_mar        ; Windows Vista ; 6.2        ; x86_64         ;
; Fitter                    ; escou_mar        ; Windows Vista ; 6.2        ; x86_64         ;
; Assembler                 ; escou_mar        ; Windows Vista ; 6.2        ; x86_64         ;
; TimeQuest Timing Analyzer ; escou_mar        ; Windows Vista ; 6.2        ; x86_64         ;
+---------------------------+------------------+---------------+------------+----------------+


------------
; Flow Log ;
------------
quartus_map --read_settings_files=on --write_settings_files=off Mise_au_point -c MaP
quartus_fit --read_settings_files=off --write_settings_files=off Mise_au_point -c MaP
quartus_asm --read_settings_files=off --write_settings_files=off Mise_au_point -c MaP
quartus_sta Mise_au_point -c MaP



